#
# There is insufficient memory for the Java Runtime Environment to continue.
# Native memory allocation (mmap) failed to map 132120576 bytes for G1 virtual space
# Possible reasons:
#   The system is out of physical RAM or swap space
#   The process is running with CompressedOops enabled, and the Java Heap may be blocking the growth of the native heap
# Possible solutions:
#   Reduce memory load on the system
#   Increase physical memory or swap space
#   Check if swap backing store is full
#   Decrease Java heap size (-Xmx/-Xms)
#   Decrease number of Java threads
#   Decrease Java thread stack sizes (-Xss)
#   Set larger code cache with -XX:ReservedCodeCacheSize=
#   JVM is running with Unscaled Compressed Oops mode in which the Java heap is
#     placed in the first 4GB address space. The Java Heap base address is the
#     maximum limit for the native heap growth. Please use -XX:HeapBaseMinAddress
#     to set the Java Heap base and to place the Java Heap above 4GB virtual address.
# This output file may be truncated or incomplete.
#
#  Out of Memory Error (os_windows.cpp:3600), pid=14452, tid=6804
#
# JRE version:  (21.0.1+12) (build )
# Java VM: Java HotSpot(TM) 64-Bit Server VM (21.0.1+12-LTS-29, mixed mode, sharing, tiered, compressed oops, compressed class ptrs, g1 gc, windows-amd64)
# No core dump will be written. Minidumps are not enabled by default on client versions of Windows
#

---------------  S U M M A R Y ------------

Command Line: --module-path=C:\Users\kriti\Downloads\openjfx-21.0.2_windows-x64_bin-sdk\javafx-sdk-21.0.2\lib --add-modules=javafx.controls,javafx.fxml -Dfile.encoding=UTF-8 -Dstdout.encoding=UTF-8 -Dstderr.encoding=UTF-8 --module-path=C:\Users\kriti\Downloads\openjfx-21.0.2_windows-x64_bin-sdk\javafx-sdk-21.0.2\lib\javafx.base.jar;C:\Users\kriti\Downloads\openjfx-21.0.2_windows-x64_bin-sdk\javafx-sdk-21.0.2\lib\javafx.controls.jar;C:\Users\kriti\Downloads\openjfx-21.0.2_windows-x64_bin-sdk\javafx-sdk-21.0.2\lib\javafx.fxml.jar;C:\Users\kriti\Downloads\openjfx-21.0.2_windows-x64_bin-sdk\javafx-sdk-21.0.2\lib\javafx.graphics.jar;C:\Users\kriti\Downloads\openjfx-21.0.2_windows-x64_bin-sdk\javafx-sdk-21.0.2\lib\javafx.media.jar;C:\Users\kriti\Downloads\openjfx-21.0.2_windows-x64_bin-sdk\javafx-sdk-21.0.2\lib\javafx.swing.jar;C:\Users\kriti\Downloads\openjfx-21.0.2_windows-x64_bin-sdk\javafx-sdk-21.0.2\lib\javafx.web.jar;C:\Users\kriti\Downloads\openjfx-21.0.2_windows-x64_bin-sdk\javafx-sdk-21.0.2\lib\javafx-swt.jar -XX:+ShowCodeDetailsInExceptionMessages SnakeApp

Host: Intel(R) Core(TM) i5-10210U CPU @ 1.60GHz, 8 cores, 7G,  Windows 11 , 64 bit Build 22621 (10.0.22621.2506)
Time: Wed Jan 31 11:46:18 2024 Mauritius Standard Time elapsed time: 0.029997 seconds (0d 0h 0m 0s)

---------------  T H R E A D  ---------------

Current thread (0x000001f941818a70):  JavaThread "Unknown thread" [_thread_in_vm, id=6804, stack(0x0000009c30f00000,0x0000009c31000000) (1024K)]

Stack: [0x0000009c30f00000,0x0000009c31000000]
Native frames: (J=compiled Java code, j=interpreted, Vv=VM code, C=native code)
V  [jvm.dll+0x6c9029]
V  [jvm.dll+0x854b81]
V  [jvm.dll+0x856e5e]
V  [jvm.dll+0x857543]
V  [jvm.dll+0x280c06]
V  [jvm.dll+0x6c5715]
V  [jvm.dll+0x6ba10a]
V  [jvm.dll+0x3557ea]
V  [jvm.dll+0x35d436]
V  [jvm.dll+0x3ae1be]
V  [jvm.dll+0x3ae468]
V  [jvm.dll+0x3291fc]
V  [jvm.dll+0x329d8b]
V  [jvm.dll+0x81d179]
V  [jvm.dll+0x3bb4f1]
V  [jvm.dll+0x805ae8]
V  [jvm.dll+0x44effe]
V  [jvm.dll+0x450901]
C  [jli.dll+0x52a3]
C  [ucrtbase.dll+0x29363]
C  [KERNEL32.DLL+0x1257d]
C  [ntdll.dll+0x5aa58]


---------------  P R O C E S S  ---------------

Threads class SMR info:
_java_thread_list=0x00007ffa243f9b88, length=0, elements={
}

Java Threads: ( => current thread )
Total: 0

Other Threads:
  0x000001f943a74e10 WorkerThread "GC Thread#0"                     [id=4576, stack(0x0000009c31000000,0x0000009c31100000) (1024K)]
  0x000001f943a862c0 ConcurrentGCThread "G1 Main Marker"            [id=8888, stack(0x0000009c31100000,0x0000009c31200000) (1024K)]
  0x000001f943a86dc0 WorkerThread "G1 Conc#0"                       [id=7148, stack(0x0000009c31200000,0x0000009c31300000) (1024K)]

[error occurred during error reporting (printing all threads), id 0xc0000005, EXCEPTION_ACCESS_VIOLATION (0xc0000005) at pc=0x00007ffa23b6c2c7]
VM state: not at safepoint (not fully initialized)

VM Mutex/Monitor currently owned by a thread:  ([mutex/lock_event])
[0x00007ffa2446a6f8] Heap_lock - owner thread: 0x000001f941818a70

Heap address: 0x0000000082800000, size: 2008 MB, Compressed Oops mode: 32-bit

CDS archive(s) mapped at: [0x0000000000000000-0x0000000000000000-0x0000000000000000), size 0, SharedBaseAddress: 0x0000000800000000, ArchiveRelocationMode: 1.
Narrow klass base: 0x0000000000000000, Narrow klass shift: 0, Narrow klass range: 0x0

GC Precious Log:
 CardTable entry size: 512
 Card Set container configuration: InlinePtr #cards 5 size 8 Array Of Cards #cards 12 size 40 Howl #buckets 4 coarsen threshold 1843 Howl Bitmap #cards 512 size 80 coarsen threshold 460 Card regions per heap region 1 cards per card region 2048

Heap:
 garbage-first heap   total 0K, used 0K [0x0000000082800000, 0x0000000100000000)
  region size 1024K, 0 young (0K), 0 survivors (0K)

[error occurred during error reporting (printing heap information), id 0xc0000005, EXCEPTION_ACCESS_VIOLATION (0xc0000005) at pc=0x00007ffa23f51be9]
GC Heap History (0 events):
No events

Dll operation events (1 events):
Event: 0.011 Loaded shared library C:\Program Files\Java\jdk-21\bin\java.dll

Deoptimization events (0 events):
No events

Classes loaded (0 events):
No events

Classes unloaded (0 events):
No events

Classes redefined (0 events):
No events

Internal exceptions (0 events):
No events

ZGC Phase Switch (0 events):
No events

VM Operations (0 events):
No events

Events (0 events):
No events


Dynamic libraries:
0x00007ff69fb90000 - 0x00007ff69fba0000 	C:\Program Files\Java\jdk-21\bin\javaw.exe
0x00007ffac13b0000 - 0x00007ffac15c7000 	C:\WINDOWS\SYSTEM32\ntdll.dll
0x00007ffac02e0000 - 0x00007ffac03a4000 	C:\WINDOWS\System32\KERNEL32.DLL
0x00007ffabe840000 - 0x00007ffabebe6000 	C:\WINDOWS\System32\KERNELBASE.dll
0x00007ffabee40000 - 0x00007ffabef51000 	C:\WINDOWS\System32\ucrtbase.dll
0x00007ffa24600000 - 0x00007ffa2461b000 	C:\Program Files\Java\jdk-21\bin\VCRUNTIME140.dll
0x00007ffa245e0000 - 0x00007ffa245f9000 	C:\Program Files\Java\jdk-21\bin\jli.dll
0x00007ffabf410000 - 0x00007ffabf4c1000 	C:\WINDOWS\System32\ADVAPI32.dll
0x00007ffac11c0000 - 0x00007ffac1267000 	C:\WINDOWS\System32\msvcrt.dll
0x00007ffac0ec0000 - 0x00007ffac0f65000 	C:\WINDOWS\System32\sechost.dll
0x00007ffac0da0000 - 0x00007ffac0eb7000 	C:\WINDOWS\System32\RPCRT4.dll
0x00007ffabf260000 - 0x00007ffabf40e000 	C:\WINDOWS\System32\USER32.dll
0x00007ffabf0d0000 - 0x00007ffabf0f6000 	C:\WINDOWS\System32\win32u.dll
0x00007ffaaa4c0000 - 0x00007ffaaa753000 	C:\WINDOWS\WinSxS\amd64_microsoft.windows.common-controls_6595b64144ccf1df_6.0.22621.2506_none_270c5ae97388e100\COMCTL32.dll
0x00007ffac1320000 - 0x00007ffac1349000 	C:\WINDOWS\System32\GDI32.dll
0x00007ffabe720000 - 0x00007ffabe838000 	C:\WINDOWS\System32\gdi32full.dll
0x00007ffabeda0000 - 0x00007ffabee3a000 	C:\WINDOWS\System32\msvcp_win.dll
0x00007ffab4710000 - 0x00007ffab471a000 	C:\WINDOWS\SYSTEM32\VERSION.dll
0x00007ffabfe20000 - 0x00007ffabfe51000 	C:\WINDOWS\System32\IMM32.DLL
0x00007ffa9a0e0000 - 0x00007ffa9a0ec000 	C:\Program Files\Java\jdk-21\bin\vcruntime140_1.dll
0x00007ffa24550000 - 0x00007ffa245de000 	C:\Program Files\Java\jdk-21\bin\msvcp140.dll
0x00007ffa23830000 - 0x00007ffa24545000 	C:\Program Files\Java\jdk-21\bin\server\jvm.dll
0x00007ffac0ff0000 - 0x00007ffac1061000 	C:\WINDOWS\System32\WS2_32.dll
0x00007ffabe540000 - 0x00007ffabe58d000 	C:\WINDOWS\SYSTEM32\POWRPROF.dll
0x00007ffabc450000 - 0x00007ffabc484000 	C:\WINDOWS\SYSTEM32\WINMM.dll
0x00007ffabe420000 - 0x00007ffabe433000 	C:\WINDOWS\SYSTEM32\UMPDC.dll
0x00007ffabd6e0000 - 0x00007ffabd6f8000 	C:\WINDOWS\SYSTEM32\kernel.appcore.dll
0x00007ffa28e20000 - 0x00007ffa28e2a000 	C:\Program Files\Java\jdk-21\bin\jimage.dll
0x00007ffabbe90000 - 0x00007ffabc0c3000 	C:\WINDOWS\SYSTEM32\DBGHELP.DLL
0x00007ffac0a10000 - 0x00007ffac0d99000 	C:\WINDOWS\System32\combase.dll
0x00007ffabfe60000 - 0x00007ffabff37000 	C:\WINDOWS\System32\OLEAUT32.dll
0x00007ffa87160000 - 0x00007ffa87192000 	C:\WINDOWS\SYSTEM32\dbgcore.DLL
0x00007ffabecb0000 - 0x00007ffabed2a000 	C:\WINDOWS\System32\bcryptPrimitives.dll
0x00007ffa23810000 - 0x00007ffa2382f000 	C:\Program Files\Java\jdk-21\bin\java.dll

dbghelp: loaded successfully - version: 4.0.5 - missing functions: none
symbol engine: initialized successfully - sym options: 0x614 - pdb path: .;C:\Program Files\Java\jdk-21\bin;C:\WINDOWS\SYSTEM32;C:\WINDOWS\WinSxS\amd64_microsoft.windows.common-controls_6595b64144ccf1df_6.0.22621.2506_none_270c5ae97388e100;C:\Program Files\Java\jdk-21\bin\server

VM Arguments:
jvm_args: --module-path=C:\Users\kriti\Downloads\openjfx-21.0.2_windows-x64_bin-sdk\javafx-sdk-21.0.2\lib --add-modules=javafx.controls,javafx.fxml -Dfile.encoding=UTF-8 -Dstdout.encoding=UTF-8 -Dstderr.encoding=UTF-8 --module-path=C:\Users\kriti\Downloads\openjfx-21.0.2_windows-x64_bin-sdk\javafx-sdk-21.0.2\lib\javafx.base.jar;C:\Users\kriti\Downloads\openjfx-21.0.2_windows-x64_bin-sdk\javafx-sdk-21.0.2\lib\javafx.controls.jar;C:\Users\kriti\Downloads\openjfx-21.0.2_windows-x64_bin-sdk\javafx-sdk-21.0.2\lib\javafx.fxml.jar;C:\Users\kriti\Downloads\openjfx-21.0.2_windows-x64_bin-sdk\javafx-sdk-21.0.2\lib\javafx.graphics.jar;C:\Users\kriti\Downloads\openjfx-21.0.2_windows-x64_bin-sdk\javafx-sdk-21.0.2\lib\javafx.media.jar;C:\Users\kriti\Downloads\openjfx-21.0.2_windows-x64_bin-sdk\javafx-sdk-21.0.2\lib\javafx.swing.jar;C:\Users\kriti\Downloads\openjfx-21.0.2_windows-x64_bin-sdk\javafx-sdk-21.0.2\lib\javafx.web.jar;C:\Users\kriti\Downloads\openjfx-21.0.2_windows-x64_bin-sdk\javafx-sdk-21.0.2\lib\javafx-swt.jar -XX:+ShowCodeDetailsInExceptionMessages 
java_command: SnakeApp
java_class_path (initial): C:\Users\kriti\javwork\SnakeFx\bin
Launcher Type: SUN_STANDARD

[Global flags]
     intx CICompilerCount                          = 4                                         {product} {ergonomic}
     uint ConcGCThreads                            = 2                                         {product} {ergonomic}
     uint G1ConcRefinementThreads                  = 8                                         {product} {ergonomic}
   size_t G1HeapRegionSize                         = 1048576                                   {product} {ergonomic}
    uintx GCDrainStackTargetSize                   = 64                                        {product} {ergonomic}
   size_t InitialHeapSize                          = 132120576                                 {product} {ergonomic}
   size_t MarkStackSize                            = 4194304                                   {product} {ergonomic}
   size_t MaxHeapSize                              = 2105540608                                {product} {ergonomic}
   size_t MinHeapDeltaBytes                        = 1048576                                   {product} {ergonomic}
   size_t MinHeapSize                              = 8388608                                   {product} {ergonomic}
    uintx NonNMethodCodeHeapSize                   = 5839372                                {pd product} {ergonomic}
    uintx NonProfiledCodeHeapSize                  = 122909434                              {pd product} {ergonomic}
    uintx ProfiledCodeHeapSize                     = 122909434                              {pd product} {ergonomic}
    uintx ReservedCodeCacheSize                    = 251658240                              {pd product} {ergonomic}
     bool SegmentedCodeCache                       = true                                      {product} {ergonomic}
     bool ShowCodeDetailsInExceptionMessages       = true                                   {manageable} {command line}
   size_t SoftMaxHeapSize                          = 2105540608                             {manageable} {ergonomic}
     bool UseCompressedOops                        = true                           {product lp64_product} {ergonomic}
     bool UseG1GC                                  = true                                      {product} {ergonomic}
     bool UseLargePagesIndividualAllocation        = false                                  {pd product} {ergonomic}

Logging:
Log output configuration:
 #0: stdout all=warning uptime,level,tags foldmultilines=false
 #1: stderr all=off uptime,level,tags foldmultilines=false

Environment Variables:
JAVA_HOME=C:\Program Files\Java\jdk-21\bin
PATH=C:\Program Files\Common Files\Oracle\Java\javapath;C:\WINDOWS\system32;C:\WINDOWS;C:\WINDOWS\System32\Wbem;C:\WINDOWS\System32\WindowsPowerShell\v1.0\;C:\WINDOWS\System32\OpenSSH\;C:\Program Files\Git\cmd;C:\Users\kriti\AppData\Local\Pub\Cache\bin;C:\Program Files\Java\jdk-17\bin;C:\Program Files\nodejs\;C:\Program Files\Java\jdk-21\bin;C:\Program Files (x86)\Microsoft SQL Server\150\DTS\Binn\;C:\Program Files\Azure Data Studio\bin;C:\Program Files (x86)\Microsoft SQL Server\160\Tools\Binn\;C:\Program Files\Microsoft SQL Server\160\Tools\Binn\;C:\Program Files\Microsoft SQL Server\Client SDK\ODBC\170\Tools\Binn\;C:\Program Files\Microsoft SQL Server\160\DTS\Binn\;C:\Program Files (x86)\Microsoft SQL Server\160\DTS\Binn\;C:\Program Files\Git\bin;C:\Program Files\Git\cmd;C:\Users\kriti\AppData\Local\Microsoft\WindowsApps;C:\Users\kriti\AppData\Local\Programs\Microsoft VS Code\bin;C:\src\flutter\bin;C:\Users\kriti\AppData\Local\Pub\Cache\bin;C:\Users\kriti\AppData\Roaming\npm;C:\Program Files\Java\jdk-17\bin;C:\Program Files\Azure Data Studio\bin;C:\flutter\flutter\bin;C:\dart-sdk\bin;
USERNAME=kriti
OS=Windows_NT
PROCESSOR_IDENTIFIER=Intel64 Family 6 Model 142 Stepping 12, GenuineIntel
TMP=C:\Users\kriti\AppData\Local\Temp
TEMP=C:\Users\kriti\AppData\Local\Temp




Periodic native trim disabled

---------------  S Y S T E M  ---------------

OS:
 Windows 11 , 64 bit Build 22621 (10.0.22621.2506)
OS uptime: 0 days 0:49 hours
Hyper-V role detected

CPU: total 8 (initial active 8) (4 cores per cpu, 2 threads per core) family 6 model 142 stepping 12 microcode 0xde, cx8, cmov, fxsr, ht, mmx, 3dnowpref, sse, sse2, sse3, ssse3, sse4.1, sse4.2, popcnt, lzcnt, tsc, tscinvbit, avx, avx2, aes, erms, clmul, bmi1, bmi2, adx, fma, vzeroupper, clflush, clflushopt, hv, rdtscp, f16c
Processor Information for all 8 processors :
  Max Mhz: 2112, Current Mhz: 2112, Mhz Limit: 1605

Memory: 4k page, system-wide physical 8025M (1338M free)
TotalPageFile size 8025M (AvailPageFile size 31M)
current process WorkingSet (physical memory assigned to process): 11M, peak: 11M
current process commit charge ("private bytes"): 60M, peak: 186M

vm_info: Java HotSpot(TM) 64-Bit Server VM (21.0.1+12-LTS-29) for windows-amd64 JRE (21.0.1+12-LTS-29), built on 2023-10-05T13:27:09Z by "mach5one" with MS VC++ 17.1 (VS2022)

END.
